0 info it worked if it ends with ok
1 verbose cli [ '/usr/local/Cellar/node/0.10.26/bin/node',
1 verbose cli   '/usr/local/bin/npm',
1 verbose cli   'install',
1 verbose cli   'hubot-archer' ]
2 info using npm@1.4.3
3 info using node@v0.10.26
4 verbose readDependencies using package.json deps
5 verbose cache add [ 'hubot-archer', null ]
6 verbose cache add name=undefined spec="hubot-archer" args=["hubot-archer",null]
7 verbose parsed url { protocol: null,
7 verbose parsed url   slashes: null,
7 verbose parsed url   auth: null,
7 verbose parsed url   host: null,
7 verbose parsed url   port: null,
7 verbose parsed url   hostname: null,
7 verbose parsed url   hash: null,
7 verbose parsed url   search: null,
7 verbose parsed url   query: null,
7 verbose parsed url   pathname: 'hubot-archer',
7 verbose parsed url   path: 'hubot-archer',
7 verbose parsed url   href: 'hubot-archer' }
8 silly lockFile f2af7ecd-hubot-archer hubot-archer
9 verbose lock hubot-archer /Users/drewvanstone/.npm/f2af7ecd-hubot-archer.lock
10 silly lockFile f2af7ecd-hubot-archer hubot-archer
11 silly lockFile f2af7ecd-hubot-archer hubot-archer
12 verbose addNamed [ 'hubot-archer', '' ]
13 verbose addNamed [ null, '*' ]
14 silly lockFile 26f75d93-hubot-archer hubot-archer@
15 verbose lock hubot-archer@ /Users/drewvanstone/.npm/26f75d93-hubot-archer.lock
16 silly addNameRange { name: 'hubot-archer', range: '*', hasData: false }
17 verbose url raw hubot-archer
18 verbose url resolving [ 'https://registry.npmjs.org/', './hubot-archer' ]
19 verbose url resolved https://registry.npmjs.org/hubot-archer
20 info trying registry request attempt 1 at 11:19:53
21 http GET https://registry.npmjs.org/hubot-archer
22 http 404 https://registry.npmjs.org/hubot-archer
23 silly registry.get cb [ 404,
23 silly registry.get   { date: 'Thu, 06 Mar 2014 18:19:53 GMT',
23 silly registry.get     server: 'CouchDB/1.5.0 (Erlang OTP/R16B)',
23 silly registry.get     'content-type': 'application/json',
23 silly registry.get     via: '1.1 varnish',
23 silly registry.get     'cache-control': 'max-age=0',
23 silly registry.get     'content-length': '52',
23 silly registry.get     'accept-ranges': 'bytes',
23 silly registry.get     age: '0',
23 silly registry.get     'x-served-by': 'cache-v41-ASH, cache-c100-CHI',
23 silly registry.get     'x-cache': 'MISS, MISS',
23 silly registry.get     'x-cache-hits': '0, 0',
23 silly registry.get     'x-timer': 'S1394129993.794432163,VS0,VS-216,VE-177,VE58',
23 silly registry.get     'keep-alive': 'timeout=10, max=50',
23 silly registry.get     connection: 'Keep-Alive' } ]
24 silly lockFile 26f75d93-hubot-archer hubot-archer@
25 silly lockFile 26f75d93-hubot-archer hubot-archer@
26 error 404 'hubot-archer' is not in the npm registry.
26 error 404 You should bug the author to publish it
26 error 404 It was specified as a dependency of 'hosted-hubot'
26 error 404
26 error 404 Note that you can also install from a
26 error 404 tarball, folder, or http url, or git url.
27 error System Darwin 13.1.0
28 error command "/usr/local/Cellar/node/0.10.26/bin/node" "/usr/local/bin/npm" "install" "hubot-archer"
29 error cwd /Users/drewvanstone/workspace/kapost/kapost-hubot
30 error node -v v0.10.26
31 error npm -v 1.4.3
32 error code E404
33 verbose exit [ 1, true ]
